<?xml version="1.0" encoding="UTF-8"?>
<!-- Generated by org.testng.reporters.JUnitXMLReporter -->
<testsuite hostname="DESKTOP-H0DR8AN" name="TestIdentityRelation" tests="1" failures="1" timestamp="27 Apr 2020 11:54:15 GMT" time="207.241" errors="0">
  <testcase name="IdentityRelation" time="207.203" classname="IdentityRelationTestcases.ConfigurationIdentityRelation">
    <failure type="java.lang.AssertionError" message="The following asserts failed:
	expected [admin123] but found [admin],
	expected [admin123] but found [admin1]">
      <![CDATA[java.lang.AssertionError: The following asserts failed:
	expected [admin123] but found [admin],
	expected [admin123] but found [admin1]
	at IdentityRelationTestcases.ConfigurationIdentityRelation.IdentityRelation(ConfigurationIdentityRelation.java:98)
... Removed 25 stack frames]]>
    </failure>
  </testcase> <!-- IdentityRelation -->
</testsuite> <!-- TestIdentityRelation -->
