<?xml version="1.0" encoding="UTF-8"?>
<!-- Generated by org.testng.reporters.JUnitXMLReporter -->
<testsuite hostname="DESKTOP-H0DR8AN" name="TestIdentityType" tests="1" failures="1" timestamp="27 Apr 2020 11:50:48 GMT" time="192.243" errors="0">
  <testcase name="Unit" time="192.237" classname="IdentityTypeTestcases.ConfigurationIdentityType">
    <failure type="java.lang.AssertionError" message="The following asserts failed:
	expected [admin123] but found [admin],
	expected [admin123] but found [admin1]">
      <![CDATA[java.lang.AssertionError: The following asserts failed:
	expected [admin123] but found [admin],
	expected [admin123] but found [admin1]
	at IdentityTypeTestcases.ConfigurationIdentityType.Unit(ConfigurationIdentityType.java:62)
... Removed 25 stack frames]]>
    </failure>
  </testcase> <!-- Unit -->
</testsuite> <!-- TestIdentityType -->
