<?xml version="1.0" encoding="UTF-8"?>
<!-- Generated by org.testng.reporters.JUnitXMLReporter -->
<testsuite hostname="DESKTOP-H0DR8AN" name="TestUnit" tests="1" failures="0" timestamp="28 Apr 2020 06:09:35 GMT" time="169.072" errors="0">
  <testcase name="@BeforeClass setup" time="0.0" classname="UnitTestCases.ConfigurationUnit">
    <failure type="org.openqa.selenium.NoSuchElementException" message="Cannot locate an element using id=txtPwd
For documentation on this error, please visit: https://www.seleniumhq.org/exceptions/no_such_element.html
Build info: version: &amp;apos;3.141.59&amp;apos;, revision: &amp;apos;e82be7d358&amp;apos;, time: &amp;apos;2018-11-14T08:25:48&amp;apos;
System info: host: &amp;apos;DESKTOP-H0DR8AN&amp;apos;, ip: &amp;apos;192.168.43.238&amp;apos;, os.name: &amp;apos;Windows 10&amp;apos;, os.arch: &amp;apos;amd64&amp;apos;, os.version: &amp;apos;10.0&amp;apos;, java.version: &amp;apos;1.8.0_241&amp;apos;
Driver info: driver.version: RemoteWebDriver">
      <![CDATA[org.openqa.selenium.NoSuchElementException: Cannot locate an element using id=txtPwd
For documentation on this error, please visit: https://www.seleniumhq.org/exceptions/no_such_element.html
Build info: version: '3.141.59', revision: 'e82be7d358', time: '2018-11-14T08:25:48'
System info: host: 'DESKTOP-H0DR8AN', ip: '192.168.43.238', os.name: 'Windows 10', os.arch: 'amd64', os.version: '10.0', java.version: '1.8.0_241'
Driver info: driver.version: RemoteWebDriver
	at org.openqa.selenium.remote.RemoteWebDriver.findElement(RemoteWebDriver.java:327)
	at org.openqa.selenium.remote.RemoteWebDriver.findElementById(RemoteWebDriver.java:372)
	at org.openqa.selenium.By$ById.findElement(By.java:188)
	at org.openqa.selenium.remote.RemoteWebDriver.findElement(RemoteWebDriver.java:315)
	at Configuration.LoginSmartTown.Password(LoginSmartTown.java:28)
	at SmarTBase.Base.setup(Base.java:34)
... Removed 24 stack frames]]>
    </failure>
  </testcase> <!-- @BeforeClass setup -->
  <testcase name="Unit" time="0.016" classname="UnitTestCases.ConfigurationUnit">
    <skipped/>
  </testcase> <!-- Unit -->
</testsuite> <!-- TestUnit -->
